<?xml version="1.0" encoding="UTF-8"?>
<!-- Generated by org.testng.reporters.JUnitXMLReporter -->
<testsuite ignored="0" hostname="gurmuni124822" failures="0" tests="3" name="Default test" time="11.247" errors="0" timestamp="2022-01-23T13:37:14 IST">
  <testcase classname="com.test.selenium.TestBase" name="test" time="8.356"/>
  <testcase classname="com.test.selenium.TestBase" name="test2" time="0.002"/>
  <testcase classname="com.test.selenium.TestBase" name="test3" time="0.002"/>
</testsuite> <!-- Default test -->
