<?xml version="1.0" encoding="UTF-8"?>
<testng-results ignored="0" total="3" passed="3" failed="0" skipped="0">
  <reporter-output>
  </reporter-output>
  <suite started-at="2022-01-23T13:37:03 IST" name="Default suite" finished-at="2022-01-23T13:37:14 IST" duration-ms="11247">
    <groups>
    </groups>
    <test started-at="2022-01-23T13:37:03 IST" name="Default test" finished-at="2022-01-23T13:37:14 IST" duration-ms="11247">
      <class name="com.test.selenium.TestBase">
        <test-method is-config="true" signature="setupClass()[pri:0, instance:com.test.selenium.TestBase@5b218417]" started-at="2022-01-23T13:37:02 IST" name="setupClass" finished-at="2022-01-23T13:37:03 IST" duration-ms="379" status="PASS">
          <reporter-output>
          </reporter-output>
        </test-method> <!-- setupClass -->
        <test-method is-config="true" signature="setupTest()[pri:0, instance:com.test.selenium.TestBase@5b218417]" started-at="2022-01-23T13:37:03 IST" name="setupTest" finished-at="2022-01-23T13:37:05 IST" duration-ms="2318" status="PASS">
          <reporter-output>
          </reporter-output>
        </test-method> <!-- setupTest -->
        <test-method signature="test()[pri:1, instance:com.test.selenium.TestBase@5b218417]" started-at="2022-01-23T13:37:05 IST" name="test" finished-at="2022-01-23T13:37:14 IST" duration-ms="8356" status="PASS">
          <reporter-output>
          </reporter-output>
        </test-method> <!-- test -->
        <test-method signature="test2()[pri:2, instance:com.test.selenium.TestBase@5b218417]" started-at="2022-01-23T13:37:14 IST" name="test2" finished-at="2022-01-23T13:37:14 IST" duration-ms="2" status="PASS">
          <reporter-output>
          </reporter-output>
        </test-method> <!-- test2 -->
        <test-method signature="test3()[pri:3, instance:com.test.selenium.TestBase@5b218417]" started-at="2022-01-23T13:37:14 IST" name="test3" finished-at="2022-01-23T13:37:14 IST" duration-ms="2" status="PASS">
          <reporter-output>
          </reporter-output>
        </test-method> <!-- test3 -->
        <test-method is-config="true" signature="teardown()[pri:0, instance:com.test.selenium.TestBase@5b218417]" started-at="2022-01-23T13:37:14 IST" name="teardown" finished-at="2022-01-23T13:37:14 IST" duration-ms="507" status="PASS">
          <reporter-output>
          </reporter-output>
        </test-method> <!-- teardown -->
      </class> <!-- com.test.selenium.TestBase -->
    </test> <!-- Default test -->
  </suite> <!-- Default suite -->
</testng-results>
